This is pdfTeX, Version 3.14159265-2.6-1.40.20 (MiKTeX 2.9.7250) (preloaded format=pdflatex 2019.11.26)  1 DEC 2019 05:40
entering extended mode
**./RuleGen.tex
(RuleGen.tex
LaTeX2e <2019-10-01> patch level 1
(/home/ishu/.miktex/texmfs/install/tex/latex/base/article.cls
Document Class: article 2019/08/27 v1.4j Standard LaTeX document class
(/home/ishu/.miktex/texmfs/install/tex/latex/base/size11.clo
File: size11.clo 2019/08/27 v1.4j Standard LaTeX file (size option)
)
\c@part=\count80
\c@section=\count81
\c@subsection=\count82
\c@subsubsection=\count83
\c@paragraph=\count84
\c@subparagraph=\count85
\c@figure=\count86
\c@table=\count87
\abovecaptionskip=\skip41
\belowcaptionskip=\skip42
\bibindent=\dimen102
)
(/home/ishu/.miktex/texmfs/install/tex/latex/listings/listings.sty
(/home/ishu/.miktex/texmfs/install/tex/latex/graphics/keyval.sty
Package: keyval 2014/10/28 v1.15 key=value parser (DPC)
\KV@toks@=\toks14
)
\lst@mode=\count88
\lst@gtempboxa=\box27
\lst@token=\toks15
\lst@length=\count89
\lst@currlwidth=\dimen103
\lst@column=\count90
\lst@pos=\count91
\lst@lostspace=\dimen104
\lst@width=\dimen105
\lst@newlines=\count92
\lst@lineno=\count93
\lst@maxwidth=\dimen106

(/home/ishu/.miktex/texmfs/install/tex/latex/listings/lstmisc.sty
File: lstmisc.sty 2019/09/10 1.8c (Carsten Heinz)
\c@lstnumber=\count94
\lst@skipnumbers=\count95
\lst@framebox=\box28
)
(/home/ishu/.miktex/texmfs/install/tex/latex/listings/listings.cfg
File: listings.cfg 2019/09/10 1.8c listings configuration
))
Package: listings 2019/09/10 1.8c (Carsten Heinz)

(/home/ishu/.miktex/texmfs/install/tex/generic/babel/babel.sty
Package: babel 2019/10/15 3.35 The Babel package

(/home/ishu/.miktex/texmfs/install/tex/generic/babel/switch.def
File: switch.def 2019/10/15 3.35 Babel switching mechanism
)
*************************************
* Local config file bblopts.cfg used
*
(/home/ishu/.miktex/texmfs/install/tex/latex/arabi/bblopts.cfg
File: bblopts.cfg 2005/09/08 v0.1 add Arabic and Farsi to "declared" options of
 babel
)
(/home/ishu/.miktex/texmfs/install/tex/latex/babel-german/german.ldf
Language: german 2018/12/08 v2.11 German support for babel (pre-1996 orthograph
y)

(/home/ishu/.miktex/texmfs/install/tex/latex/babel-german/germanb.ldf
Language: germanb 2018/12/08 v2.11 German support for babel (pre-1996 orthograp
hy)

(/home/ishu/.miktex/texmfs/install/tex/generic/babel/babel.def
File: babel.def 2019/10/15 3.35 Babel common definitions
\babel@savecnt=\count96
\U@D=\dimen107

(/home/ishu/.miktex/texmfs/install/tex/generic/babel/txtbabel.def)
\bbl@dirlevel=\count97
)

Package babel Warning: No hyphenation patterns were preloaded for
(babel)                the language `German (trad. orthography)' into the forma
t.
(babel)                Please, configure your TeX system to add them and
(babel)                rebuild the format. Now I will use the patterns
(babel)                preloaded for \language=0 instead on input line 58.

\l@german = a dialect from \language0
Package babel Info: Making " an active character on input line 135.
)) (/home/ishu/.miktex/texmfs/install/tex/latex/babel-english/english.ldf
Language: english 2017/06/06 v3.3r English support from the babel system
\l@british = a dialect from \language\l@english 
\l@UKenglish = a dialect from \language\l@english 
\l@american = a dialect from \language\l@english 
\l@canadian = a dialect from \language\l@american 
\l@australian = a dialect from \language\l@british 
\l@newzealand = a dialect from \language\l@british 
))
(/home/ishu/.miktex/texmfs/install/tex/latex/booktabs/booktabs.sty
Package: booktabs 2019/10/08 v1.6180339 publication quality tables
\heavyrulewidth=\dimen108
\lightrulewidth=\dimen109
\cmidrulewidth=\dimen110
\belowrulesep=\dimen111
\belowbottomsep=\dimen112
\aboverulesep=\dimen113
\abovetopsep=\dimen114
\cmidrulesep=\dimen115
\cmidrulekern=\dimen116
\defaultaddspace=\dimen117
\@cmidla=\count98
\@cmidlb=\count99
\@aboverulesep=\dimen118
\@belowrulesep=\dimen119
\@thisruleclass=\count100
\@lastruleclass=\count101
\@thisrulewidth=\dimen120
)
(/home/ishu/.miktex/texmfs/install/tex/latex/comment/comment.sty
\CommentStream=\write3

Excluding comment 'comment')
(/home/ishu/.miktex/texmfs/install/tex/latex/base/inputenc.sty
Package: inputenc 2018/08/11 v1.3c Input encoding file
\inpenc@prehook=\toks16
\inpenc@posthook=\toks17
)
(/home/ishu/.miktex/texmfs/install/tex/latex/base/fontenc.sty
Package: fontenc 2018/08/11 v2.0j Standard LaTeX package

(/home/ishu/.miktex/texmfs/install/tex/latex/base/t1enc.def
File: t1enc.def 2018/08/11 v2.0j Standard LaTeX file
LaTeX Font Info:    Redeclaring font encoding T1 on input line 48.
))
(/home/ishu/.miktex/texmfs/install/tex/latex/amsmath/amsmath.sty
Package: amsmath 2019/04/01 v2.17c AMS math features
\@mathmargin=\skip43

For additional information on amsmath, use the `?' option.
(/home/ishu/.miktex/texmfs/install/tex/latex/amsmath/amstext.sty
Package: amstext 2000/06/29 v2.01 AMS text

(/home/ishu/.miktex/texmfs/install/tex/latex/amsmath/amsgen.sty
File: amsgen.sty 1999/11/30 v2.0 generic functions
\@emptytoks=\toks18
\ex@=\dimen121
))
(/home/ishu/.miktex/texmfs/install/tex/latex/amsmath/amsbsy.sty
Package: amsbsy 1999/11/29 v1.2d Bold Symbols
\pmbraise@=\dimen122
)
(/home/ishu/.miktex/texmfs/install/tex/latex/amsmath/amsopn.sty
Package: amsopn 2016/03/08 v2.02 operator names
)
\inf@bad=\count102
LaTeX Info: Redefining \frac on input line 227.
\uproot@=\count103
\leftroot@=\count104
LaTeX Info: Redefining \overline on input line 389.
\classnum@=\count105
\DOTSCASE@=\count106
LaTeX Info: Redefining \ldots on input line 486.
LaTeX Info: Redefining \dots on input line 489.
LaTeX Info: Redefining \cdots on input line 610.
\Mathstrutbox@=\box29
\strutbox@=\box30
\big@size=\dimen123
LaTeX Font Info:    Redeclaring font encoding OML on input line 733.
LaTeX Font Info:    Redeclaring font encoding OMS on input line 734.
\macc@depth=\count107
\c@MaxMatrixCols=\count108
\dotsspace@=\muskip10
\c@parentequation=\count109
\dspbrk@lvl=\count110
\tag@help=\toks19
\row@=\count111
\column@=\count112
\maxfields@=\count113
\andhelp@=\toks20
\eqnshift@=\dimen124
\alignsep@=\dimen125
\tagshift@=\dimen126
\tagwidth@=\dimen127
\totwidth@=\dimen128
\lineht@=\dimen129
\@envbody=\toks21
\multlinegap=\skip44
\multlinetaggap=\skip45
\mathdisplay@stack=\toks22
LaTeX Info: Redefining \[ on input line 2855.
LaTeX Info: Redefining \] on input line 2856.
)
(/home/ishu/.miktex/texmfs/install/tex/latex/amsfonts/amsfonts.sty
Package: amsfonts 2013/01/14 v3.01 Basic AMSFonts support
\symAMSa=\mathgroup4
\symAMSb=\mathgroup5
LaTeX Font Info:    Redeclaring math symbol \hbar on input line 98.
LaTeX Font Info:    Overwriting math alphabet `\mathfrak' in version `bold'
(Font)                  U/euf/m/n --> U/euf/b/n on input line 106.
)
(/home/ishu/.miktex/texmfs/install/tex/latex/amscls/amsthm.sty
Package: amsthm 2017/10/31 v2.20.4
\thm@style=\toks23
\thm@bodyfont=\toks24
\thm@headfont=\toks25
\thm@notefont=\toks26
\thm@headpunct=\toks27
\thm@preskip=\skip46
\thm@postskip=\skip47
\thm@headsep=\skip48
\dth@everypar=\toks28
)
(/home/ishu/.miktex/texmfs/install/tex/latex/pgf/frontendlayer/tikz.sty
(/home/ishu/.miktex/texmfs/install/tex/latex/pgf/basiclayer/pgf.sty
(/home/ishu/.miktex/texmfs/install/tex/latex/pgf/utilities/pgfrcs.sty
(/home/ishu/.miktex/texmfs/install/tex/generic/pgf/utilities/pgfutil-common.tex
\pgfutil@everybye=\toks29
\pgfutil@tempdima=\dimen130
\pgfutil@tempdimb=\dimen131

(/home/ishu/.miktex/texmfs/install/tex/generic/pgf/utilities/pgfutil-common-lis
ts.tex))
(/home/ishu/.miktex/texmfs/install/tex/generic/pgf/utilities/pgfutil-latex.def
\pgfutil@abb=\box31

(/home/ishu/.miktex/texmfs/install/tex/latex/ms/everyshi.sty
Package: everyshi 2001/05/15 v3.00 EveryShipout Package (MS)
))
(/home/ishu/.miktex/texmfs/install/tex/generic/pgf/utilities/pgfrcs.code.tex
(/home/ishu/.miktex/texmfs/install/tex/generic/pgf/pgf.revision.tex)
Package: pgfrcs 2019/08/03 v3.1.4b (3.1.4b)
))
Package: pgf 2019/08/03 v3.1.4b (3.1.4b)

(/home/ishu/.miktex/texmfs/install/tex/latex/pgf/basiclayer/pgfcore.sty
(/home/ishu/.miktex/texmfs/install/tex/latex/graphics/graphicx.sty
Package: graphicx 2017/06/01 v1.1a Enhanced LaTeX Graphics (DPC,SPQR)

(/home/ishu/.miktex/texmfs/install/tex/latex/graphics/graphics.sty
Package: graphics 2019/10/08 v1.3c Standard LaTeX Graphics (DPC,SPQR)

(/home/ishu/.miktex/texmfs/install/tex/latex/graphics/trig.sty
Package: trig 2016/01/03 v1.10 sin cos tan (DPC)
)
(/home/ishu/.miktex/texmfs/install/tex/latex/graphics-cfg/graphics.cfg
File: graphics.cfg 2016/06/04 v1.11 sample graphics configuration
)
Package graphics Info: Driver file: pdftex.def on input line 105.

(/home/ishu/.miktex/texmfs/install/tex/latex/graphics-def/pdftex.def
File: pdftex.def 2018/01/08 v1.0l Graphics/color driver for pdftex
))
\Gin@req@height=\dimen132
\Gin@req@width=\dimen133
)
(/home/ishu/.miktex/texmfs/install/tex/latex/pgf/systemlayer/pgfsys.sty
(/home/ishu/.miktex/texmfs/install/tex/generic/pgf/systemlayer/pgfsys.code.tex
Package: pgfsys 2019/08/03 v3.1.4b (3.1.4b)

(/home/ishu/.miktex/texmfs/install/tex/generic/pgf/utilities/pgfkeys.code.tex
\pgfkeys@pathtoks=\toks30
\pgfkeys@temptoks=\toks31

(/home/ishu/.miktex/texmfs/install/tex/generic/pgf/utilities/pgfkeysfiltered.co
de.tex
\pgfkeys@tmptoks=\toks32
))
\pgf@x=\dimen134
\pgf@y=\dimen135
\pgf@xa=\dimen136
\pgf@ya=\dimen137
\pgf@xb=\dimen138
\pgf@yb=\dimen139
\pgf@xc=\dimen140
\pgf@yc=\dimen141
\pgf@xd=\dimen142
\pgf@yd=\dimen143
\w@pgf@writea=\write4
\r@pgf@reada=\read1
\c@pgf@counta=\count114
\c@pgf@countb=\count115
\c@pgf@countc=\count116
\c@pgf@countd=\count117
\t@pgf@toka=\toks33
\t@pgf@tokb=\toks34
\t@pgf@tokc=\toks35
\pgf@sys@id@count=\count118
 (/home/ishu/.miktex/texmfs/install/tex/generic/pgf/systemlayer/pgf.cfg
File: pgf.cfg 2019/08/03 v3.1.4b (3.1.4b)
)
Driver file for pgf: pgfsys-pdftex.def

(/home/ishu/.miktex/texmfs/install/tex/generic/pgf/systemlayer/pgfsys-pdftex.de
f
File: pgfsys-pdftex.def 2019/08/03 v3.1.4b (3.1.4b)

(/home/ishu/.miktex/texmfs/install/tex/generic/pgf/systemlayer/pgfsys-common-pd
f.def
File: pgfsys-common-pdf.def 2019/08/03 v3.1.4b (3.1.4b)
)))
(/home/ishu/.miktex/texmfs/install/tex/generic/pgf/systemlayer/pgfsyssoftpath.c
ode.tex
File: pgfsyssoftpath.code.tex 2019/08/03 v3.1.4b (3.1.4b)
\pgfsyssoftpath@smallbuffer@items=\count119
\pgfsyssoftpath@bigbuffer@items=\count120
)
(/home/ishu/.miktex/texmfs/install/tex/generic/pgf/systemlayer/pgfsysprotocol.c
ode.tex
File: pgfsysprotocol.code.tex 2019/08/03 v3.1.4b (3.1.4b)
)) (/home/ishu/.miktex/texmfs/install/tex/latex/xcolor/xcolor.sty
Package: xcolor 2016/05/11 v2.12 LaTeX color extensions (UK)

(/home/ishu/.miktex/texmfs/install/tex/latex/graphics-cfg/color.cfg
File: color.cfg 2016/01/02 v1.6 sample color configuration
)
Package xcolor Info: Driver file: pdftex.def on input line 225.
Package xcolor Info: Model `cmy' substituted by `cmy0' on input line 1348.
Package xcolor Info: Model `hsb' substituted by `rgb' on input line 1352.
Package xcolor Info: Model `RGB' extended on input line 1364.
Package xcolor Info: Model `HTML' substituted by `rgb' on input line 1366.
Package xcolor Info: Model `Hsb' substituted by `hsb' on input line 1367.
Package xcolor Info: Model `tHsb' substituted by `hsb' on input line 1368.
Package xcolor Info: Model `HSB' substituted by `hsb' on input line 1369.
Package xcolor Info: Model `Gray' substituted by `gray' on input line 1370.
Package xcolor Info: Model `wave' substituted by `hsb' on input line 1371.
)
(/home/ishu/.miktex/texmfs/install/tex/generic/pgf/basiclayer/pgfcore.code.tex
Package: pgfcore 2019/08/03 v3.1.4b (3.1.4b)

(/home/ishu/.miktex/texmfs/install/tex/generic/pgf/math/pgfmath.code.tex
(/home/ishu/.miktex/texmfs/install/tex/generic/pgf/math/pgfmathcalc.code.tex
(/home/ishu/.miktex/texmfs/install/tex/generic/pgf/math/pgfmathutil.code.tex)
(/home/ishu/.miktex/texmfs/install/tex/generic/pgf/math/pgfmathparser.code.tex
\pgfmath@dimen=\dimen144
\pgfmath@count=\count121
\pgfmath@box=\box32
\pgfmath@toks=\toks36
\pgfmath@stack@operand=\toks37
\pgfmath@stack@operation=\toks38
)
(/home/ishu/.miktex/texmfs/install/tex/generic/pgf/math/pgfmathfunctions.code.t
ex
(/home/ishu/.miktex/texmfs/install/tex/generic/pgf/math/pgfmathfunctions.basic.
code.tex)
(/home/ishu/.miktex/texmfs/install/tex/generic/pgf/math/pgfmathfunctions.trigon
ometric.code.tex)
(/home/ishu/.miktex/texmfs/install/tex/generic/pgf/math/pgfmathfunctions.random
.code.tex)
(/home/ishu/.miktex/texmfs/install/tex/generic/pgf/math/pgfmathfunctions.compar
ison.code.tex)
(/home/ishu/.miktex/texmfs/install/tex/generic/pgf/math/pgfmathfunctions.base.c
ode.tex)
(/home/ishu/.miktex/texmfs/install/tex/generic/pgf/math/pgfmathfunctions.round.
code.tex)
(/home/ishu/.miktex/texmfs/install/tex/generic/pgf/math/pgfmathfunctions.misc.c
ode.tex)
(/home/ishu/.miktex/texmfs/install/tex/generic/pgf/math/pgfmathfunctions.intege
rarithmetics.code.tex)))
(/home/ishu/.miktex/texmfs/install/tex/generic/pgf/math/pgfmathfloat.code.tex
\c@pgfmathroundto@lastzeros=\count122
)) (/home/ishu/.miktex/texmfs/install/tex/generic/pgf/math/pgfint.code.tex)
(/home/ishu/.miktex/texmfs/install/tex/generic/pgf/basiclayer/pgfcorepoints.cod
e.tex
File: pgfcorepoints.code.tex 2019/08/03 v3.1.4b (3.1.4b)
\pgf@picminx=\dimen145
\pgf@picmaxx=\dimen146
\pgf@picminy=\dimen147
\pgf@picmaxy=\dimen148
\pgf@pathminx=\dimen149
\pgf@pathmaxx=\dimen150
\pgf@pathminy=\dimen151
\pgf@pathmaxy=\dimen152
\pgf@xx=\dimen153
\pgf@xy=\dimen154
\pgf@yx=\dimen155
\pgf@yy=\dimen156
\pgf@zx=\dimen157
\pgf@zy=\dimen158
)
(/home/ishu/.miktex/texmfs/install/tex/generic/pgf/basiclayer/pgfcorepathconstr
uct.code.tex
File: pgfcorepathconstruct.code.tex 2019/08/03 v3.1.4b (3.1.4b)
\pgf@path@lastx=\dimen159
\pgf@path@lasty=\dimen160
)
(/home/ishu/.miktex/texmfs/install/tex/generic/pgf/basiclayer/pgfcorepathusage.
code.tex
File: pgfcorepathusage.code.tex 2019/08/03 v3.1.4b (3.1.4b)
\pgf@shorten@end@additional=\dimen161
\pgf@shorten@start@additional=\dimen162
)
(/home/ishu/.miktex/texmfs/install/tex/generic/pgf/basiclayer/pgfcorescopes.cod
e.tex
File: pgfcorescopes.code.tex 2019/08/03 v3.1.4b (3.1.4b)
\pgfpic=\box33
\pgf@hbox=\box34
\pgf@layerbox@main=\box35
\pgf@picture@serial@count=\count123
)
(/home/ishu/.miktex/texmfs/install/tex/generic/pgf/basiclayer/pgfcoregraphicsta
te.code.tex
File: pgfcoregraphicstate.code.tex 2019/08/03 v3.1.4b (3.1.4b)
\pgflinewidth=\dimen163
)
(/home/ishu/.miktex/texmfs/install/tex/generic/pgf/basiclayer/pgfcoretransforma
tions.code.tex
File: pgfcoretransformations.code.tex 2019/08/03 v3.1.4b (3.1.4b)
\pgf@pt@x=\dimen164
\pgf@pt@y=\dimen165
\pgf@pt@temp=\dimen166
)
(/home/ishu/.miktex/texmfs/install/tex/generic/pgf/basiclayer/pgfcorequick.code
.tex
File: pgfcorequick.code.tex 2019/08/03 v3.1.4b (3.1.4b)
)
(/home/ishu/.miktex/texmfs/install/tex/generic/pgf/basiclayer/pgfcoreobjects.co
de.tex
File: pgfcoreobjects.code.tex 2019/08/03 v3.1.4b (3.1.4b)
)
(/home/ishu/.miktex/texmfs/install/tex/generic/pgf/basiclayer/pgfcorepathproces
sing.code.tex
File: pgfcorepathprocessing.code.tex 2019/08/03 v3.1.4b (3.1.4b)
)
(/home/ishu/.miktex/texmfs/install/tex/generic/pgf/basiclayer/pgfcorearrows.cod
e.tex
File: pgfcorearrows.code.tex 2019/08/03 v3.1.4b (3.1.4b)
\pgfarrowsep=\dimen167
)
(/home/ishu/.miktex/texmfs/install/tex/generic/pgf/basiclayer/pgfcoreshade.code
.tex
File: pgfcoreshade.code.tex 2019/08/03 v3.1.4b (3.1.4b)
\pgf@max=\dimen168
\pgf@sys@shading@range@num=\count124
\pgf@shadingcount=\count125
)
(/home/ishu/.miktex/texmfs/install/tex/generic/pgf/basiclayer/pgfcoreimage.code
.tex
File: pgfcoreimage.code.tex 2019/08/03 v3.1.4b (3.1.4b)

(/home/ishu/.miktex/texmfs/install/tex/generic/pgf/basiclayer/pgfcoreexternal.c
ode.tex
File: pgfcoreexternal.code.tex 2019/08/03 v3.1.4b (3.1.4b)
\pgfexternal@startupbox=\box36
))
(/home/ishu/.miktex/texmfs/install/tex/generic/pgf/basiclayer/pgfcorelayers.cod
e.tex
File: pgfcorelayers.code.tex 2019/08/03 v3.1.4b (3.1.4b)
)
(/home/ishu/.miktex/texmfs/install/tex/generic/pgf/basiclayer/pgfcoretransparen
cy.code.tex
File: pgfcoretransparency.code.tex 2019/08/03 v3.1.4b (3.1.4b)
)
(/home/ishu/.miktex/texmfs/install/tex/generic/pgf/basiclayer/pgfcorepatterns.c
ode.tex
File: pgfcorepatterns.code.tex 2019/08/03 v3.1.4b (3.1.4b)
)
(/home/ishu/.miktex/texmfs/install/tex/generic/pgf/basiclayer/pgfcorerdf.code.t
ex
File: pgfcorerdf.code.tex 2019/08/03 v3.1.4b (3.1.4b)
)))
(/home/ishu/.miktex/texmfs/install/tex/generic/pgf/modules/pgfmoduleshapes.code
.tex
File: pgfmoduleshapes.code.tex 2019/08/03 v3.1.4b (3.1.4b)
\pgfnodeparttextbox=\box37
)
(/home/ishu/.miktex/texmfs/install/tex/generic/pgf/modules/pgfmoduleplot.code.t
ex
File: pgfmoduleplot.code.tex 2019/08/03 v3.1.4b (3.1.4b)
)
(/home/ishu/.miktex/texmfs/install/tex/latex/pgf/compatibility/pgfcomp-version-
0-65.sty
Package: pgfcomp-version-0-65 2019/08/03 v3.1.4b (3.1.4b)
\pgf@nodesepstart=\dimen169
\pgf@nodesepend=\dimen170
)
(/home/ishu/.miktex/texmfs/install/tex/latex/pgf/compatibility/pgfcomp-version-
1-18.sty
Package: pgfcomp-version-1-18 2019/08/03 v3.1.4b (3.1.4b)
))
(/home/ishu/.miktex/texmfs/install/tex/latex/pgf/utilities/pgffor.sty
(/home/ishu/.miktex/texmfs/install/tex/latex/pgf/utilities/pgfkeys.sty
(/home/ishu/.miktex/texmfs/install/tex/generic/pgf/utilities/pgfkeys.code.tex))
(/home/ishu/.miktex/texmfs/install/tex/latex/pgf/math/pgfmath.sty
(/home/ishu/.miktex/texmfs/install/tex/generic/pgf/math/pgfmath.code.tex))
(/home/ishu/.miktex/texmfs/install/tex/generic/pgf/utilities/pgffor.code.tex
Package: pgffor 2019/08/03 v3.1.4b (3.1.4b)

(/home/ishu/.miktex/texmfs/install/tex/generic/pgf/math/pgfmath.code.tex)
\pgffor@iter=\dimen171
\pgffor@skip=\dimen172
\pgffor@stack=\toks39
\pgffor@toks=\toks40
))
(/home/ishu/.miktex/texmfs/install/tex/generic/pgf/frontendlayer/tikz/tikz.code
.tex
Package: tikz 2019/08/03 v3.1.4b (3.1.4b)

(/home/ishu/.miktex/texmfs/install/tex/generic/pgf/libraries/pgflibraryplothand
lers.code.tex
File: pgflibraryplothandlers.code.tex 2019/08/03 v3.1.4b (3.1.4b)
\pgf@plot@mark@count=\count126
\pgfplotmarksize=\dimen173
)
\tikz@lastx=\dimen174
\tikz@lasty=\dimen175
\tikz@lastxsaved=\dimen176
\tikz@lastysaved=\dimen177
\tikz@lastmovetox=\dimen178
\tikz@lastmovetoy=\dimen179
\tikzleveldistance=\dimen180
\tikzsiblingdistance=\dimen181
\tikz@figbox=\box38
\tikz@figbox@bg=\box39
\tikz@tempbox=\box40
\tikz@tempbox@bg=\box41
\tikztreelevel=\count127
\tikznumberofchildren=\count128
\tikznumberofcurrentchild=\count129
\tikz@fig@count=\count130

(/home/ishu/.miktex/texmfs/install/tex/generic/pgf/modules/pgfmodulematrix.code
.tex
File: pgfmodulematrix.code.tex 2019/08/03 v3.1.4b (3.1.4b)
\pgfmatrixcurrentrow=\count131
\pgfmatrixcurrentcolumn=\count132
\pgf@matrix@numberofcolumns=\count133
)
\tikz@expandcount=\count134

(/home/ishu/.miktex/texmfs/install/tex/generic/pgf/frontendlayer/tikz/libraries
/tikzlibrarytopaths.code.tex
File: tikzlibrarytopaths.code.tex 2019/08/03 v3.1.4b (3.1.4b)
)))
(/home/ishu/.miktex/texmfs/install/tex/latex/tikz-cd/tikz-cd.sty
Package: tikz-cd 2018/11/19 v0.9f Commutative diagrams with TikZ

(/home/ishu/.miktex/texmfs/install/tex/latex/tikz-cd/tikzlibrarycd.code.tex
(/home/ishu/.miktex/texmfs/install/tex/generic/pgf/frontendlayer/tikz/libraries
/tikzlibrarymatrix.code.tex
File: tikzlibrarymatrix.code.tex 2019/08/03 v3.1.4b (3.1.4b)
)
(/home/ishu/.miktex/texmfs/install/tex/generic/pgf/frontendlayer/tikz/libraries
/tikzlibraryquotes.code.tex
File: tikzlibraryquotes.code.tex 2019/08/03 v3.1.4b (3.1.4b)
)
(/home/ishu/.miktex/texmfs/install/tex/generic/pgf/libraries/pgflibraryarrows.m
eta.code.tex
File: pgflibraryarrows.meta.code.tex 2019/08/03 v3.1.4b (3.1.4b)
\pgfarrowinset=\dimen182
\pgfarrowlength=\dimen183
\pgfarrowwidth=\dimen184
\pgfarrowlinewidth=\dimen185
)))
(/home/ishu/.miktex/texmfs/install/tex/generic/pgf/frontendlayer/tikz/libraries
/tikzlibrarypositioning.code.tex
File: tikzlibrarypositioning.code.tex 2019/08/03 v3.1.4b (3.1.4b)
)
(/home/ishu/.miktex/texmfs/install/tex/generic/pgf/frontendlayer/tikz/libraries
/tikzlibraryarrows.code.tex
File: tikzlibraryarrows.code.tex 2019/08/03 v3.1.4b (3.1.4b)

(/home/ishu/.miktex/texmfs/install/tex/generic/pgf/libraries/pgflibraryarrows.c
ode.tex
File: pgflibraryarrows.code.tex 2019/08/03 v3.1.4b (3.1.4b)
\arrowsize=\dimen186
))
(/home/ishu/.miktex/texmfs/install/tex/generic/pgf/frontendlayer/tikz/libraries
/tikzlibrarydecorations.pathreplacing.code.tex
(/home/ishu/.miktex/texmfs/install/tex/generic/pgf/frontendlayer/tikz/libraries
/tikzlibrarydecorations.code.tex
(/home/ishu/.miktex/texmfs/install/tex/generic/pgf/modules/pgfmoduledecorations
.code.tex
\pgfdecoratedcompleteddistance=\dimen187
\pgfdecoratedremainingdistance=\dimen188
\pgfdecoratedinputsegmentcompleteddistance=\dimen189
\pgfdecoratedinputsegmentremainingdistance=\dimen190
\pgf@decorate@distancetomove=\dimen191
\pgf@decorate@repeatstate=\count135
\pgfdecorationsegmentamplitude=\dimen192
\pgfdecorationsegmentlength=\dimen193
)
\tikz@lib@dec@box=\box42
)
(/home/ishu/.miktex/texmfs/install/tex/generic/pgf/libraries/decorations/pgflib
rarydecorations.pathreplacing.code.tex))
(/home/ishu/.miktex/texmfs/install/tex/latex/tikzsymbols/tikzsymbols.sty
(/home/ishu/.miktex/texmfs/install/tex/latex/l3packages/xparse/xparse.sty
(/home/ishu/.miktex/texmfs/install/tex/latex/l3kernel/expl3.sty
Package: expl3 2019-10-21 L3 programming layer (loader) 

(/home/ishu/.miktex/texmfs/install/tex/latex/l3kernel/expl3-code.tex
Package: expl3 2019-10-21 L3 programming layer (code)
\c_max_int=\count136
\l_tmpa_int=\count137
\l_tmpb_int=\count138
\g_tmpa_int=\count139
\g_tmpb_int=\count140
\l__seq_internal_a_int=\count141
\l__seq_internal_b_int=\count142
\g__kernel_prg_map_int=\count143
\c__ior_term_noprompt_ior=\count144
\c_log_iow=\count145
\l_iow_line_count_int=\count146
\l__iow_line_target_int=\count147
\l__iow_one_indent_int=\count148
\l__iow_indent_int=\count149
\c_zero_dim=\dimen194
\c_max_dim=\dimen195
\l_tmpa_dim=\dimen196
\l_tmpb_dim=\dimen197
\g_tmpa_dim=\dimen198
\g_tmpb_dim=\dimen199
\c_zero_skip=\skip49
\c_max_skip=\skip50
\l_tmpa_skip=\skip51
\l_tmpb_skip=\skip52
\g_tmpa_skip=\skip53
\g_tmpb_skip=\skip54
\c_zero_muskip=\muskip11
\c_max_muskip=\muskip12
\l_tmpa_muskip=\muskip13
\l_tmpb_muskip=\muskip14
\g_tmpa_muskip=\muskip15
\g_tmpb_muskip=\muskip16
\l_keys_choice_int=\count150
\l__intarray_loop_int=\count151
\c__intarray_sp_dim=\dimen256
\g__intarray_font_int=\count152
\c__fp_leading_shift_int=\count153
\c__fp_middle_shift_int=\count154
\c__fp_trailing_shift_int=\count155
\c__fp_big_leading_shift_int=\count156
\c__fp_big_middle_shift_int=\count157
\c__fp_big_trailing_shift_int=\count158
\c__fp_Bigg_leading_shift_int=\count159
\c__fp_Bigg_middle_shift_int=\count160
\c__fp_Bigg_trailing_shift_int=\count161
\c__kernel_randint_max_int=\count162
\g__fp_array_int=\count163
\l__fp_array_loop_int=\count164
\l__sort_length_int=\count165
\l__sort_min_int=\count166
\l__sort_top_int=\count167
\l__sort_max_int=\count168
\l__sort_true_max_int=\count169
\l__sort_block_int=\count170
\l__sort_begin_int=\count171
\l__sort_end_int=\count172
\l__sort_A_int=\count173
\l__sort_B_int=\count174
\l__sort_C_int=\count175
\l__str_internal_int=\count176
\c__str_replacement_char_int=\count177
\l__tl_analysis_normal_int=\count178
\l__tl_analysis_index_int=\count179
\l__tl_analysis_nesting_int=\count180
\l__tl_analysis_type_int=\count181
\l__regex_internal_a_int=\count182
\l__regex_internal_b_int=\count183
\l__regex_internal_c_int=\count184
\l__regex_balance_int=\count185
\l__regex_group_level_int=\count186
\l__regex_mode_int=\count187
\c__regex_cs_in_class_mode_int=\count188
\c__regex_cs_mode_int=\count189
\l__regex_catcodes_int=\count190
\l__regex_default_catcodes_int=\count191
\c__regex_catcode_D_int=\count192
\c__regex_catcode_S_int=\count193
\c__regex_catcode_L_int=\count194
\c__regex_catcode_O_int=\count195
\c__regex_catcode_A_int=\count196
\c__regex_all_catcodes_int=\count197
\l__regex_show_lines_int=\count198
\l__regex_min_state_int=\count199
\l__regex_max_state_int=\count266
\l__regex_left_state_int=\count267
\l__regex_right_state_int=\count268
\l__regex_capturing_group_int=\count269
\l__regex_min_pos_int=\count270
\l__regex_max_pos_int=\count271
\l__regex_curr_pos_int=\count272
\l__regex_start_pos_int=\count273
\l__regex_success_pos_int=\count274
\l__regex_curr_char_int=\count275
\l__regex_curr_catcode_int=\count276
\l__regex_last_char_int=\count277
\l__regex_case_changed_char_int=\count278
\l__regex_curr_state_int=\count279
\l__regex_step_int=\count280
\l__regex_min_active_int=\count281
\l__regex_max_active_int=\count282
\l__regex_replacement_csnames_int=\count283
\l__regex_match_count_int=\count284
\l__regex_min_submatch_int=\count285
\l__regex_submatch_int=\count286
\l__regex_zeroth_submatch_int=\count287
\g__regex_trace_regex_int=\count288
\c_empty_box=\box43
\l_tmpa_box=\box44
\l_tmpb_box=\box45
\g_tmpa_box=\box46
\g_tmpb_box=\box47
\l__box_top_dim=\dimen257
\l__box_bottom_dim=\dimen258
\l__box_left_dim=\dimen259
\l__box_right_dim=\dimen260
\l__box_top_new_dim=\dimen261
\l__box_bottom_new_dim=\dimen262
\l__box_left_new_dim=\dimen263
\l__box_right_new_dim=\dimen264
\l__box_internal_box=\box48
\l__coffin_internal_box=\box49
\l__coffin_internal_dim=\dimen265
\l__coffin_offset_x_dim=\dimen266
\l__coffin_offset_y_dim=\dimen267
\l__coffin_x_dim=\dimen268
\l__coffin_y_dim=\dimen269
\l__coffin_x_prime_dim=\dimen270
\l__coffin_y_prime_dim=\dimen271
\c_empty_coffin=\box50
\l__coffin_aligned_coffin=\box51
\l__coffin_aligned_internal_coffin=\box52
\l_tmpa_coffin=\box53
\l_tmpb_coffin=\box54
\g_tmpa_coffin=\box55
\g_tmpb_coffin=\box56
\l__coffin_bounding_shift_dim=\dimen272
\l__coffin_left_corner_dim=\dimen273
\l__coffin_right_corner_dim=\dimen274
\l__coffin_bottom_corner_dim=\dimen275
\l__coffin_top_corner_dim=\dimen276
\l__coffin_scaled_total_height_dim=\dimen277
\l__coffin_scaled_width_dim=\dimen278
\c__coffin_empty_coffin=\box57
\l__coffin_display_coffin=\box58
\l__coffin_display_coord_coffin=\box59
\l__coffin_display_pole_coffin=\box60
\l__coffin_display_offset_dim=\dimen279
\l__coffin_display_x_dim=\dimen280
\l__coffin_display_y_dim=\dimen281
\g__char_data_ior=\read2

(/home/ishu/.miktex/texmfs/install/tex/latex/l3kernel/l3deprecation.def
File: l3deprecation.def 2019-04-06 v L3 Deprecated functions
))
(/home/ishu/.miktex/texmfs/install/tex/latex/l3backend/l3backend-pdfmode.def
File: l3backend-pdfmode.def 2019-04-06 L3 backend support: PDF mode
\l__kernel_color_stack_int=\count289
\l__pdf_internal_box=\box61
))
Package: xparse 2019-10-11 L3 Experimental document command parser
\l__xparse_current_arg_int=\count290
\g__xparse_grabber_int=\count291
\l__xparse_m_args_int=\count292
\l__xparse_v_nesting_int=\count293
)
Package: tikzsymbols 2019/02/08 v4.10c Some symbols created using tikz and LaTe
X3.
(/home/ishu/.miktex/texmfs/install/tex/latex/tools/xspace.sty
Package: xspace 2014/10/28 v1.13 Space after command names (DPC,MH)
)
(/home/ishu/.miktex/texmfs/install/tex/latex/l3packages/l3keys2e/l3keys2e.sty
Package: l3keys2e 2019-10-11 LaTeX2e option processing using LaTeX3 keys
)
(/home/ishu/.miktex/texmfs/install/tex/generic/pgf/frontendlayer/tikz/libraries
/tikzlibrarydecorations.pathmorphing.code.tex
(/home/ishu/.miktex/texmfs/install/tex/generic/pgf/libraries/decorations/pgflib
rarydecorations.pathmorphing.code.tex))
(/home/ishu/.miktex/texmfs/install/tex/generic/pgf/frontendlayer/tikz/libraries
/tikzlibrarytrees.code.tex
File: tikzlibrarytrees.code.tex 2019/08/03 v3.1.4b (3.1.4b)
)
\l__tikzsymbols_Moai_thickness_dim=\dimen282
)
(/home/ishu/.miktex/texmfs/install/tex/latex/blindtext/blindtext.sty
Package: blindtext 2012/01/06 V2.0 blindtext-Package
\c@blindtext=\count294
\c@Blindtext=\count295
\c@blind@countparstart=\count296
\blind@countxx=\count297
\blindtext@numBlindtext=\count298
\blind@countyy=\count299
\c@blindlist=\count300
\c@blindlistlevel=\count301
\c@blindlist@level=\count302
\blind@listitem=\count303
\c@blind@listcount=\count304
\c@blind@levelcount=\count305
\blind@mathformula=\count306
\blind@Mathformula=\count307
\c@blind@randomcount=\count308
\c@blind@randommax=\count309
\c@blind@pangramcount=\count310
\c@blind@pangrammax=\count311
)
(/home/ishu/.miktex/texmfs/install/tex/latex/placeins/placeins.sty
Package: placeins 2005/04/18  v 2.2
)
(/home/ishu/.miktex/texmfs/install/tex/latex/geometry/geometry.sty
Package: geometry 2018/04/16 v5.8 Page Geometry

(/home/ishu/.miktex/texmfs/install/tex/generic/oberdiek/ifpdf.sty
Package: ifpdf 2018/09/07 v3.3 Provides the ifpdf switch
)
(/home/ishu/.miktex/texmfs/install/tex/generic/oberdiek/ifvtex.sty
Package: ifvtex 2016/05/16 v1.6 Detect VTeX and its facilities (HO)
Package ifvtex Info: VTeX not detected.
)
(/home/ishu/.miktex/texmfs/install/tex/generic/ifxetex/ifxetex.sty
Package: ifxetex 2010/09/12 v0.6 Provides ifxetex conditional
)
\Gm@cnth=\count312
\Gm@cntv=\count313
\c@Gm@tempcnt=\count314
\Gm@bindingoffset=\dimen283
\Gm@wd@mp=\dimen284
\Gm@odd@mp=\dimen285
\Gm@even@mp=\dimen286
\Gm@layoutwidth=\dimen287
\Gm@layoutheight=\dimen288
\Gm@layouthoffset=\dimen289
\Gm@layoutvoffset=\dimen290
\Gm@dimlist=\toks41

(/home/ishu/.miktex/texmfs/install/tex/latex/geometry/geometry.cfg))
(/home/ishu/.miktex/texmfs/install/tex/latex/setspace/setspace.sty
Package: setspace 2011/12/19 v6.7a set line spacing
)
(/home/ishu/.miktex/texmfs/install/tex/latex/base/fontenc.sty
Package: fontenc 2018/08/11 v2.0j Standard LaTeX package

(/home/ishu/.miktex/texmfs/install/tex/latex/base/t1enc.def
File: t1enc.def 2018/08/11 v2.0j Standard LaTeX file
LaTeX Font Info:    Redeclaring font encoding T1 on input line 48.
))
(/home/ishu/.miktex/texmfs/install/tex/latex/xcharter/XCharter.sty
Package: XCharter 2017/12/19 v1.112

`XCharter' v1.112, 2017/12/19 Text macros for XCharter, an extension of Charter
 (msharpe) (/home/ishu/.miktex/texmfs/install/tex/latex/base/fontenc.sty
Package: fontenc 2018/08/11 v2.0j Standard LaTeX package

(/home/ishu/.miktex/texmfs/install/tex/latex/cyrillic/t2aenc.def
File: t2aenc.def 2005/09/27 v1.0i Cyrillic encoding definition file
Now handling font encoding T2A ...
... processing UTF-8 mapping file for font encoding T2A

(/home/ishu/.miktex/texmfs/install/tex/latex/base/t2aenc.dfu
File: t2aenc.dfu 2019/07/11 v1.2j UTF-8 support for inputenc
   defining Unicode char U+00A4 (decimal 164)
   defining Unicode char U+00A7 (decimal 167)
   defining Unicode char U+00AB (decimal 171)
   defining Unicode char U+00BB (decimal 187)
   defining Unicode char U+0131 (decimal 305)
   defining Unicode char U+0237 (decimal 567)
   defining Unicode char U+0400 (decimal 1024)
   defining Unicode char U+0401 (decimal 1025)
   defining Unicode char U+0402 (decimal 1026)
   defining Unicode char U+0403 (decimal 1027)
   defining Unicode char U+0404 (decimal 1028)
   defining Unicode char U+0405 (decimal 1029)
   defining Unicode char U+0406 (decimal 1030)
   defining Unicode char U+0407 (decimal 1031)
   defining Unicode char U+0408 (decimal 1032)
   defining Unicode char U+0409 (decimal 1033)
   defining Unicode char U+040A (decimal 1034)
   defining Unicode char U+040B (decimal 1035)
   defining Unicode char U+040C (decimal 1036)
   defining Unicode char U+040D (decimal 1037)
   defining Unicode char U+040E (decimal 1038)
   defining Unicode char U+040F (decimal 1039)
   defining Unicode char U+0410 (decimal 1040)
   defining Unicode char U+0411 (decimal 1041)
   defining Unicode char U+0412 (decimal 1042)
   defining Unicode char U+0413 (decimal 1043)
   defining Unicode char U+0414 (decimal 1044)
   defining Unicode char U+0415 (decimal 1045)
   defining Unicode char U+0416 (decimal 1046)
   defining Unicode char U+0417 (decimal 1047)
   defining Unicode char U+0418 (decimal 1048)
   defining Unicode char U+0419 (decimal 1049)
   defining Unicode char U+041A (decimal 1050)
   defining Unicode char U+041B (decimal 1051)
   defining Unicode char U+041C (decimal 1052)
   defining Unicode char U+041D (decimal 1053)
   defining Unicode char U+041E (decimal 1054)
   defining Unicode char U+041F (decimal 1055)
   defining Unicode char U+0420 (decimal 1056)
   defining Unicode char U+0421 (decimal 1057)
   defining Unicode char U+0422 (decimal 1058)
   defining Unicode char U+0423 (decimal 1059)
   defining Unicode char U+0424 (decimal 1060)
   defining Unicode char U+0425 (decimal 1061)
   defining Unicode char U+0426 (decimal 1062)
   defining Unicode char U+0427 (decimal 1063)
   defining Unicode char U+0428 (decimal 1064)
   defining Unicode char U+0429 (decimal 1065)
   defining Unicode char U+042A (decimal 1066)
   defining Unicode char U+042B (decimal 1067)
   defining Unicode char U+042C (decimal 1068)
   defining Unicode char U+042D (decimal 1069)
   defining Unicode char U+042E (decimal 1070)
   defining Unicode char U+042F (decimal 1071)
   defining Unicode char U+0430 (decimal 1072)
   defining Unicode char U+0431 (decimal 1073)
   defining Unicode char U+0432 (decimal 1074)
   defining Unicode char U+0433 (decimal 1075)
   defining Unicode char U+0434 (decimal 1076)
   defining Unicode char U+0435 (decimal 1077)
   defining Unicode char U+0436 (decimal 1078)
   defining Unicode char U+0437 (decimal 1079)
   defining Unicode char U+0438 (decimal 1080)
   defining Unicode char U+0439 (decimal 1081)
   defining Unicode char U+043A (decimal 1082)
   defining Unicode char U+043B (decimal 1083)
   defining Unicode char U+043C (decimal 1084)
   defining Unicode char U+043D (decimal 1085)
   defining Unicode char U+043E (decimal 1086)
   defining Unicode char U+043F (decimal 1087)
   defining Unicode char U+0440 (decimal 1088)
   defining Unicode char U+0441 (decimal 1089)
   defining Unicode char U+0442 (decimal 1090)
   defining Unicode char U+0443 (decimal 1091)
   defining Unicode char U+0444 (decimal 1092)
   defining Unicode char U+0445 (decimal 1093)
   defining Unicode char U+0446 (decimal 1094)
   defining Unicode char U+0447 (decimal 1095)
   defining Unicode char U+0448 (decimal 1096)
   defining Unicode char U+0449 (decimal 1097)
   defining Unicode char U+044A (decimal 1098)
   defining Unicode char U+044B (decimal 1099)
   defining Unicode char U+044C (decimal 1100)
   defining Unicode char U+044D (decimal 1101)
   defining Unicode char U+044E (decimal 1102)
   defining Unicode char U+044F (decimal 1103)
   defining Unicode char U+0450 (decimal 1104)
   defining Unicode char U+0451 (decimal 1105)
   defining Unicode char U+0452 (decimal 1106)
   defining Unicode char U+0453 (decimal 1107)
   defining Unicode char U+0454 (decimal 1108)
   defining Unicode char U+0455 (decimal 1109)
   defining Unicode char U+0456 (decimal 1110)
   defining Unicode char U+0457 (decimal 1111)
   defining Unicode char U+0458 (decimal 1112)
   defining Unicode char U+0459 (decimal 1113)
   defining Unicode char U+045A (decimal 1114)
   defining Unicode char U+045B (decimal 1115)
   defining Unicode char U+045C (decimal 1116)
   defining Unicode char U+045D (decimal 1117)
   defining Unicode char U+045E (decimal 1118)
   defining Unicode char U+045F (decimal 1119)
   defining Unicode char U+0490 (decimal 1168)
   defining Unicode char U+0491 (decimal 1169)
   defining Unicode char U+0492 (decimal 1170)
   defining Unicode char U+0493 (decimal 1171)
   defining Unicode char U+0496 (decimal 1174)
   defining Unicode char U+0497 (decimal 1175)
   defining Unicode char U+0498 (decimal 1176)
   defining Unicode char U+0499 (decimal 1177)
   defining Unicode char U+049A (decimal 1178)
   defining Unicode char U+049B (decimal 1179)
   defining Unicode char U+049C (decimal 1180)
   defining Unicode char U+049D (decimal 1181)
   defining Unicode char U+04A0 (decimal 1184)
   defining Unicode char U+04A1 (decimal 1185)
   defining Unicode char U+04A2 (decimal 1186)
   defining Unicode char U+04A3 (decimal 1187)
   defining Unicode char U+04A4 (decimal 1188)
   defining Unicode char U+04A5 (decimal 1189)
   defining Unicode char U+04AA (decimal 1194)
   defining Unicode char U+04AB (decimal 1195)
   defining Unicode char U+04AE (decimal 1198)
   defining Unicode char U+04AF (decimal 1199)
   defining Unicode char U+04B0 (decimal 1200)
   defining Unicode char U+04B1 (decimal 1201)
   defining Unicode char U+04B2 (decimal 1202)
   defining Unicode char U+04B3 (decimal 1203)
   defining Unicode char U+04B6 (decimal 1206)
   defining Unicode char U+04B7 (decimal 1207)
   defining Unicode char U+04B8 (decimal 1208)
   defining Unicode char U+04B9 (decimal 1209)
   defining Unicode char U+04BA (decimal 1210)
   defining Unicode char U+04BB (decimal 1211)
   defining Unicode char U+04C0 (decimal 1216)
   defining Unicode char U+04C1 (decimal 1217)
   defining Unicode char U+04C2 (decimal 1218)
   defining Unicode char U+04D0 (decimal 1232)
   defining Unicode char U+04D1 (decimal 1233)
   defining Unicode char U+04D2 (decimal 1234)
   defining Unicode char U+04D3 (decimal 1235)
   defining Unicode char U+04D4 (decimal 1236)
   defining Unicode char U+04D5 (decimal 1237)
   defining Unicode char U+04D6 (decimal 1238)
   defining Unicode char U+04D7 (decimal 1239)
   defining Unicode char U+04D8 (decimal 1240)
   defining Unicode char U+04D9 (decimal 1241)
   defining Unicode char U+04DA (decimal 1242)
   defining Unicode char U+04DB (decimal 1243)
   defining Unicode char U+04DC (decimal 1244)
   defining Unicode char U+04DD (decimal 1245)
   defining Unicode char U+04DE (decimal 1246)
   defining Unicode char U+04DF (decimal 1247)
   defining Unicode char U+04E2 (decimal 1250)
   defining Unicode char U+04E3 (decimal 1251)
   defining Unicode char U+04E4 (decimal 1252)
   defining Unicode char U+04E5 (decimal 1253)
   defining Unicode char U+04E6 (decimal 1254)
   defining Unicode char U+04E7 (decimal 1255)
   defining Unicode char U+04E8 (decimal 1256)
   defining Unicode char U+04E9 (decimal 1257)
   defining Unicode char U+04EC (decimal 1260)
   defining Unicode char U+04ED (decimal 1261)
   defining Unicode char U+04EE (decimal 1262)
   defining Unicode char U+04EF (decimal 1263)
   defining Unicode char U+04F0 (decimal 1264)
   defining Unicode char U+04F1 (decimal 1265)
   defining Unicode char U+04F2 (decimal 1266)
   defining Unicode char U+04F3 (decimal 1267)
   defining Unicode char U+04F4 (decimal 1268)
   defining Unicode char U+04F5 (decimal 1269)
   defining Unicode char U+04F8 (decimal 1272)
   defining Unicode char U+04F9 (decimal 1273)
   defining Unicode char U+200C (decimal 8204)
   defining Unicode char U+2013 (decimal 8211)
   defining Unicode char U+2014 (decimal 8212)
   defining Unicode char U+2018 (decimal 8216)
   defining Unicode char U+2019 (decimal 8217)
   defining Unicode char U+201C (decimal 8220)
   defining Unicode char U+201D (decimal 8221)
   defining Unicode char U+201E (decimal 8222)
   defining Unicode char U+2030 (decimal 8240)
   defining Unicode char U+2031 (decimal 8241)
   defining Unicode char U+2116 (decimal 8470)
   defining Unicode char U+2329 (decimal 9001)
   defining Unicode char U+232A (decimal 9002)
   defining Unicode char U+2423 (decimal 9251)
   defining Unicode char U+27E8 (decimal 10216)
   defining Unicode char U+27E9 (decimal 10217)
   defining Unicode char U+FB00 (decimal 64256)
   defining Unicode char U+FB01 (decimal 64257)
   defining Unicode char U+FB02 (decimal 64258)
   defining Unicode char U+FB03 (decimal 64259)
   defining Unicode char U+FB04 (decimal 64260)
   defining Unicode char U+FB05 (decimal 64261)
   defining Unicode char U+FB06 (decimal 64262)
))
(/home/ishu/.miktex/texmfs/install/tex/latex/ly1/ly1enc.def
File: ly1enc.def 2009/07/22 v0.7 TeX 'n ANSI encoding (DPC/KB)
Now handling font encoding LY1 ...
... processing UTF-8 mapping file for font encoding LY1

(/home/ishu/.miktex/texmfs/install/tex/latex/base/ly1enc.dfu
File: ly1enc.dfu 2019/07/11 v1.2j UTF-8 support for inputenc
   defining Unicode char U+00A0 (decimal 160)
   defining Unicode char U+00A1 (decimal 161)
   defining Unicode char U+00A2 (decimal 162)
   defining Unicode char U+00A3 (decimal 163)
   defining Unicode char U+00A4 (decimal 164)
   defining Unicode char U+00A5 (decimal 165)
   defining Unicode char U+00A6 (decimal 166)
   defining Unicode char U+00A7 (decimal 167)
   defining Unicode char U+00AA (decimal 170)
   defining Unicode char U+00AB (decimal 171)
   defining Unicode char U+00AD (decimal 173)
   defining Unicode char U+00AE (decimal 174)
   defining Unicode char U+00B0 (decimal 176)
   defining Unicode char U+00B5 (decimal 181)
   defining Unicode char U+00B6 (decimal 182)
   defining Unicode char U+00B7 (decimal 183)
   defining Unicode char U+00BA (decimal 186)
   defining Unicode char U+00BB (decimal 187)
   defining Unicode char U+00BC (decimal 188)
   defining Unicode char U+00BD (decimal 189)
   defining Unicode char U+00BE (decimal 190)
   defining Unicode char U+00BF (decimal 191)
   defining Unicode char U+00C0 (decimal 192)
   defining Unicode char U+00C1 (decimal 193)
   defining Unicode char U+00C2 (decimal 194)
   defining Unicode char U+00C3 (decimal 195)
   defining Unicode char U+00C4 (decimal 196)
   defining Unicode char U+00C5 (decimal 197)
   defining Unicode char U+00C6 (decimal 198)
   defining Unicode char U+00C7 (decimal 199)
   defining Unicode char U+00C8 (decimal 200)
   defining Unicode char U+00C9 (decimal 201)
   defining Unicode char U+00CA (decimal 202)
   defining Unicode char U+00CB (decimal 203)
   defining Unicode char U+00CC (decimal 204)
   defining Unicode char U+00CD (decimal 205)
   defining Unicode char U+00CE (decimal 206)
   defining Unicode char U+00CF (decimal 207)
   defining Unicode char U+00D0 (decimal 208)
   defining Unicode char U+00D1 (decimal 209)
   defining Unicode char U+00D2 (decimal 210)
   defining Unicode char U+00D3 (decimal 211)
   defining Unicode char U+00D4 (decimal 212)
   defining Unicode char U+00D5 (decimal 213)
   defining Unicode char U+00D6 (decimal 214)
   defining Unicode char U+00D8 (decimal 216)
   defining Unicode char U+00D9 (decimal 217)
   defining Unicode char U+00DA (decimal 218)
   defining Unicode char U+00DB (decimal 219)
   defining Unicode char U+00DC (decimal 220)
   defining Unicode char U+00DD (decimal 221)
   defining Unicode char U+00DE (decimal 222)
   defining Unicode char U+00DF (decimal 223)
   defining Unicode char U+00E0 (decimal 224)
   defining Unicode char U+00E1 (decimal 225)
   defining Unicode char U+00E2 (decimal 226)
   defining Unicode char U+00E3 (decimal 227)
   defining Unicode char U+00E4 (decimal 228)
   defining Unicode char U+00E5 (decimal 229)
   defining Unicode char U+00E6 (decimal 230)
   defining Unicode char U+00E7 (decimal 231)
   defining Unicode char U+00E8 (decimal 232)
   defining Unicode char U+00E9 (decimal 233)
   defining Unicode char U+00EA (decimal 234)
   defining Unicode char U+00EB (decimal 235)
   defining Unicode char U+00EC (decimal 236)
   defining Unicode char U+00ED (decimal 237)
   defining Unicode char U+00EE (decimal 238)
   defining Unicode char U+00EF (decimal 239)
   defining Unicode char U+00F0 (decimal 240)
   defining Unicode char U+00F1 (decimal 241)
   defining Unicode char U+00F2 (decimal 242)
   defining Unicode char U+00F3 (decimal 243)
   defining Unicode char U+00F4 (decimal 244)
   defining Unicode char U+00F5 (decimal 245)
   defining Unicode char U+00F6 (decimal 246)
   defining Unicode char U+00F8 (decimal 248)
   defining Unicode char U+00F9 (decimal 249)
   defining Unicode char U+00FA (decimal 250)
   defining Unicode char U+00FB (decimal 251)
   defining Unicode char U+00FC (decimal 252)
   defining Unicode char U+00FD (decimal 253)
   defining Unicode char U+00FE (decimal 254)
   defining Unicode char U+00FF (decimal 255)
   defining Unicode char U+0131 (decimal 305)
   defining Unicode char U+0141 (decimal 321)
   defining Unicode char U+0142 (decimal 322)
   defining Unicode char U+0152 (decimal 338)
   defining Unicode char U+0153 (decimal 339)
   defining Unicode char U+0160 (decimal 352)
   defining Unicode char U+0161 (decimal 353)
   defining Unicode char U+0174 (decimal 372)
   defining Unicode char U+0175 (decimal 373)
   defining Unicode char U+0176 (decimal 374)
   defining Unicode char U+0177 (decimal 375)
   defining Unicode char U+0178 (decimal 376)
   defining Unicode char U+017D (decimal 381)
   defining Unicode char U+017E (decimal 382)
   defining Unicode char U+0192 (decimal 402)
   defining Unicode char U+0218 (decimal 536)
   defining Unicode char U+0219 (decimal 537)
   defining Unicode char U+021A (decimal 538)
   defining Unicode char U+021B (decimal 539)
   defining Unicode char U+0237 (decimal 567)
   defining Unicode char U+02C6 (decimal 710)
   defining Unicode char U+02DC (decimal 732)
   defining Unicode char U+2013 (decimal 8211)
   defining Unicode char U+2014 (decimal 8212)
   defining Unicode char U+201C (decimal 8220)
   defining Unicode char U+201D (decimal 8221)
   defining Unicode char U+2020 (decimal 8224)
   defining Unicode char U+2021 (decimal 8225)
   defining Unicode char U+2022 (decimal 8226)
   defining Unicode char U+2026 (decimal 8230)
   defining Unicode char U+2030 (decimal 8240)
   defining Unicode char U+2039 (decimal 8249)
   defining Unicode char U+203A (decimal 8250)
   defining Unicode char U+2122 (decimal 8482)
   defining Unicode char U+FB00 (decimal 64256)
   defining Unicode char U+FB01 (decimal 64257)
   defining Unicode char U+FB02 (decimal 64258)
   defining Unicode char U+FB03 (decimal 64259)
   defining Unicode char U+FB04 (decimal 64260)
   defining Unicode char U+FB05 (decimal 64261)
   defining Unicode char U+FB06 (decimal 64262)
))
(/home/ishu/.miktex/texmfs/install/tex/latex/base/t1enc.def
File: t1enc.def 2018/08/11 v2.0j Standard LaTeX file
LaTeX Font Info:    Redeclaring font encoding T1 on input line 48.
))
(/home/ishu/.miktex/texmfs/install/tex/latex/base/textcomp.sty
Package: textcomp 2018/08/11 v2.0j Standard LaTeX package
Package textcomp Info: Sub-encoding information:
(textcomp)               5 = only ISO-Adobe without \textcurrency
(textcomp)               4 = 5 + \texteuro
(textcomp)               3 = 4 + \textohm
(textcomp)               2 = 3 + \textestimated + \textcurrency
(textcomp)               1 = TS1 - \textcircled - \t
(textcomp)               0 = TS1 (full)
(textcomp)             Font families with sub-encoding setting implement
(textcomp)             only a restricted character set as indicated.
(textcomp)             Family '?' is the default used for unknown fonts.
(textcomp)             See the documentation for details.
Package textcomp Info: Setting ? sub-encoding to TS1/1 on input line 79.

(/home/ishu/.miktex/texmfs/install/tex/latex/base/ts1enc.def
File: ts1enc.def 2001/06/05 v3.0e (jk/car/fm) Standard LaTeX file
Now handling font encoding TS1 ...
... processing UTF-8 mapping file for font encoding TS1

(/home/ishu/.miktex/texmfs/install/tex/latex/base/ts1enc.dfu
File: ts1enc.dfu 2019/07/11 v1.2j UTF-8 support for inputenc
   defining Unicode char U+00A2 (decimal 162)
   defining Unicode char U+00A3 (decimal 163)
   defining Unicode char U+00A4 (decimal 164)
   defining Unicode char U+00A5 (decimal 165)
   defining Unicode char U+00A6 (decimal 166)
   defining Unicode char U+00A7 (decimal 167)
   defining Unicode char U+00A8 (decimal 168)
   defining Unicode char U+00A9 (decimal 169)
   defining Unicode char U+00AA (decimal 170)
   defining Unicode char U+00AC (decimal 172)
   defining Unicode char U+00AE (decimal 174)
   defining Unicode char U+00AF (decimal 175)
   defining Unicode char U+00B0 (decimal 176)
   defining Unicode char U+00B1 (decimal 177)
   defining Unicode char U+00B2 (decimal 178)
   defining Unicode char U+00B3 (decimal 179)
   defining Unicode char U+00B4 (decimal 180)
   defining Unicode char U+00B5 (decimal 181)
   defining Unicode char U+00B6 (decimal 182)
   defining Unicode char U+00B7 (decimal 183)
   defining Unicode char U+00B9 (decimal 185)
   defining Unicode char U+00BA (decimal 186)
   defining Unicode char U+00BC (decimal 188)
   defining Unicode char U+00BD (decimal 189)
   defining Unicode char U+00BE (decimal 190)
   defining Unicode char U+00D7 (decimal 215)
   defining Unicode char U+00F7 (decimal 247)
   defining Unicode char U+0192 (decimal 402)
   defining Unicode char U+02C7 (decimal 711)
   defining Unicode char U+02D8 (decimal 728)
   defining Unicode char U+02DD (decimal 733)
   defining Unicode char U+0E3F (decimal 3647)
   defining Unicode char U+2016 (decimal 8214)
   defining Unicode char U+2020 (decimal 8224)
   defining Unicode char U+2021 (decimal 8225)
   defining Unicode char U+2022 (decimal 8226)
   defining Unicode char U+2030 (decimal 8240)
   defining Unicode char U+2031 (decimal 8241)
   defining Unicode char U+203B (decimal 8251)
   defining Unicode char U+203D (decimal 8253)
   defining Unicode char U+2044 (decimal 8260)
   defining Unicode char U+204E (decimal 8270)
   defining Unicode char U+2052 (decimal 8274)
   defining Unicode char U+20A1 (decimal 8353)
   defining Unicode char U+20A4 (decimal 8356)
   defining Unicode char U+20A6 (decimal 8358)
   defining Unicode char U+20A9 (decimal 8361)
   defining Unicode char U+20AB (decimal 8363)
   defining Unicode char U+20AC (decimal 8364)
   defining Unicode char U+20B1 (decimal 8369)
   defining Unicode char U+2103 (decimal 8451)
   defining Unicode char U+2116 (decimal 8470)
   defining Unicode char U+2117 (decimal 8471)
   defining Unicode char U+211E (decimal 8478)
   defining Unicode char U+2120 (decimal 8480)
   defining Unicode char U+2122 (decimal 8482)
   defining Unicode char U+2126 (decimal 8486)
   defining Unicode char U+2127 (decimal 8487)
   defining Unicode char U+212E (decimal 8494)
   defining Unicode char U+2190 (decimal 8592)
   defining Unicode char U+2191 (decimal 8593)
   defining Unicode char U+2192 (decimal 8594)
   defining Unicode char U+2193 (decimal 8595)
   defining Unicode char U+2329 (decimal 9001)
   defining Unicode char U+232A (decimal 9002)
   defining Unicode char U+2422 (decimal 9250)
   defining Unicode char U+25E6 (decimal 9702)
   defining Unicode char U+25EF (decimal 9711)
   defining Unicode char U+266A (decimal 9834)
   defining Unicode char U+27E8 (decimal 10216)
   defining Unicode char U+27E9 (decimal 10217)
   defining Unicode char U+FEFF (decimal 65279)
))
LaTeX Info: Redefining \oldstylenums on input line 334.
Package textcomp Info: Setting cmr sub-encoding to TS1/0 on input line 349.
Package textcomp Info: Setting cmss sub-encoding to TS1/0 on input line 350.
Package textcomp Info: Setting cmtt sub-encoding to TS1/0 on input line 351.
Package textcomp Info: Setting cmvtt sub-encoding to TS1/0 on input line 352.
Package textcomp Info: Setting cmbr sub-encoding to TS1/0 on input line 353.
Package textcomp Info: Setting cmtl sub-encoding to TS1/0 on input line 354.
Package textcomp Info: Setting ccr sub-encoding to TS1/0 on input line 355.
Package textcomp Info: Setting ptm sub-encoding to TS1/4 on input line 356.
Package textcomp Info: Setting pcr sub-encoding to TS1/4 on input line 357.
Package textcomp Info: Setting phv sub-encoding to TS1/4 on input line 358.
Package textcomp Info: Setting ppl sub-encoding to TS1/3 on input line 359.
Package textcomp Info: Setting pag sub-encoding to TS1/4 on input line 360.
Package textcomp Info: Setting pbk sub-encoding to TS1/4 on input line 361.
Package textcomp Info: Setting pnc sub-encoding to TS1/4 on input line 362.
Package textcomp Info: Setting pzc sub-encoding to TS1/4 on input line 363.
Package textcomp Info: Setting bch sub-encoding to TS1/4 on input line 364.
Package textcomp Info: Setting put sub-encoding to TS1/5 on input line 365.
Package textcomp Info: Setting uag sub-encoding to TS1/5 on input line 366.
Package textcomp Info: Setting ugq sub-encoding to TS1/5 on input line 367.
Package textcomp Info: Setting ul8 sub-encoding to TS1/4 on input line 368.
Package textcomp Info: Setting ul9 sub-encoding to TS1/4 on input line 369.
Package textcomp Info: Setting augie sub-encoding to TS1/5 on input line 370.
Package textcomp Info: Setting dayrom sub-encoding to TS1/3 on input line 371.
Package textcomp Info: Setting dayroms sub-encoding to TS1/3 on input line 372.

Package textcomp Info: Setting pxr sub-encoding to TS1/0 on input line 373.
Package textcomp Info: Setting pxss sub-encoding to TS1/0 on input line 374.
Package textcomp Info: Setting pxtt sub-encoding to TS1/0 on input line 375.
Package textcomp Info: Setting txr sub-encoding to TS1/0 on input line 376.
Package textcomp Info: Setting txss sub-encoding to TS1/0 on input line 377.
Package textcomp Info: Setting txtt sub-encoding to TS1/0 on input line 378.
Package textcomp Info: Setting lmr sub-encoding to TS1/0 on input line 379.
Package textcomp Info: Setting lmdh sub-encoding to TS1/0 on input line 380.
Package textcomp Info: Setting lmss sub-encoding to TS1/0 on input line 381.
Package textcomp Info: Setting lmssq sub-encoding to TS1/0 on input line 382.
Package textcomp Info: Setting lmvtt sub-encoding to TS1/0 on input line 383.
Package textcomp Info: Setting lmtt sub-encoding to TS1/0 on input line 384.
Package textcomp Info: Setting qhv sub-encoding to TS1/0 on input line 385.
Package textcomp Info: Setting qag sub-encoding to TS1/0 on input line 386.
Package textcomp Info: Setting qbk sub-encoding to TS1/0 on input line 387.
Package textcomp Info: Setting qcr sub-encoding to TS1/0 on input line 388.
Package textcomp Info: Setting qcs sub-encoding to TS1/0 on input line 389.
Package textcomp Info: Setting qpl sub-encoding to TS1/0 on input line 390.
Package textcomp Info: Setting qtm sub-encoding to TS1/0 on input line 391.
Package textcomp Info: Setting qzc sub-encoding to TS1/0 on input line 392.
Package textcomp Info: Setting qhvc sub-encoding to TS1/0 on input line 393.
Package textcomp Info: Setting futs sub-encoding to TS1/4 on input line 394.
Package textcomp Info: Setting futx sub-encoding to TS1/4 on input line 395.
Package textcomp Info: Setting futj sub-encoding to TS1/4 on input line 396.
Package textcomp Info: Setting hlh sub-encoding to TS1/3 on input line 397.
Package textcomp Info: Setting hls sub-encoding to TS1/3 on input line 398.
Package textcomp Info: Setting hlst sub-encoding to TS1/3 on input line 399.
Package textcomp Info: Setting hlct sub-encoding to TS1/5 on input line 400.
Package textcomp Info: Setting hlx sub-encoding to TS1/5 on input line 401.
Package textcomp Info: Setting hlce sub-encoding to TS1/5 on input line 402.
Package textcomp Info: Setting hlcn sub-encoding to TS1/5 on input line 403.
Package textcomp Info: Setting hlcw sub-encoding to TS1/5 on input line 404.
Package textcomp Info: Setting hlcf sub-encoding to TS1/5 on input line 405.
Package textcomp Info: Setting pplx sub-encoding to TS1/3 on input line 406.
Package textcomp Info: Setting pplj sub-encoding to TS1/3 on input line 407.
Package textcomp Info: Setting ptmx sub-encoding to TS1/4 on input line 408.
Package textcomp Info: Setting ptmj sub-encoding to TS1/4 on input line 409.
)
(/home/ishu/.miktex/texmfs/install/tex/latex/mweights/mweights.sty
Package: mweights 2017/03/30 (Bob Tennent) Support package for multiple-weight 
font packages. 
LaTeX Info: Redefining \bfseries on input line 22.
LaTeX Info: Redefining \mdseries on input line 30.
LaTeX Info: Redefining \rmfamily on input line 38.
LaTeX Info: Redefining \sffamily on input line 66.
LaTeX Info: Redefining \ttfamily on input line 94.
)
(/home/ishu/.miktex/texmfs/install/tex/latex/etoolbox/etoolbox.sty
Package: etoolbox 2019/09/21 v2.5h e-TeX tools for LaTeX (JAW)
\etb@tempcnta=\count315
)
(/home/ishu/.miktex/texmfs/install/tex/latex/fontaxes/fontaxes.sty
Package: fontaxes 2014/03/23 v1.0d Font selection axes
LaTeX Info: Redefining \upshape on input line 29.
LaTeX Info: Redefining \itshape on input line 31.
LaTeX Info: Redefining \slshape on input line 33.
LaTeX Info: Redefining \scshape on input line 37.
)
(/home/ishu/.miktex/texmfs/install/tex/latex/xkeyval/xkeyval.sty
Package: xkeyval 2014/12/03 v2.7a package option processing (HA)

(/home/ishu/.miktex/texmfs/install/tex/generic/xkeyval/xkeyval.tex
(/home/ishu/.miktex/texmfs/install/tex/generic/xkeyval/xkvutils.tex
\XKV@toks=\toks42
\XKV@tempa@toks=\toks43
)
\XKV@depth=\count316
File: xkeyval.tex 2014/12/03 v2.7a key=value parser (HA)
)))
(/home/ishu/.miktex/texmfs/install/tex/latex/fancyhdr/fancyhdr.sty
Package: fancyhdr 2019/01/31 v3.10 Extensive control of page headers and footer
s
\f@nch@headwidth=\skip55
\f@nch@O@elh=\skip56
\f@nch@O@erh=\skip57
\f@nch@O@olh=\skip58
\f@nch@O@orh=\skip59
\f@nch@O@elf=\skip60
\f@nch@O@erf=\skip61
\f@nch@O@olf=\skip62
\f@nch@O@orf=\skip63
)
(/home/ishu/.miktex/texmfs/install/tex/latex/natbib/natbib.sty
Package: natbib 2010/09/13 8.31b (PWD, AO)
\bibhang=\skip64
\bibsep=\skip65
LaTeX Info: Redefining \cite on input line 694.
\c@NAT@ctr=\count317
)
(/home/ishu/.miktex/texmfs/install/tex/latex/har2nat/har2nat.sty
Package: har2nat 2005/12/01 1.0 Harvard to natbib

(/home/ishu/.miktex/texmfs/install/tex/latex/bigfoot/suffix.sty
Package: suffix 2006/07/15 1.5a Variant command support
))
LaTeX Font Info:    Trying to load font information for T1+XCharter-TLF on inpu
t line 148.

(/home/ishu/.miktex/texmfs/install/tex/latex/xcharter/T1XCharter-TLF.fd
File: T1XCharter-TLF.fd 2017/06/25 (autoinst) Font definitions for T1/XCharter-
TLF.
)
LaTeX Font Info:    Font shape `T1/XCharter-TLF/m/n' will be
(Font)              scaled to size 10.95pt on input line 148.

(RuleGen.aux)
\openout1 = `RuleGen.aux'.

LaTeX Font Info:    Checking defaults for OML/cmm/m/it on input line 148.
LaTeX Font Info:    ... okay on input line 148.
LaTeX Font Info:    Checking defaults for T1/cmr/m/n on input line 148.
LaTeX Font Info:    ... okay on input line 148.
LaTeX Font Info:    Checking defaults for OT1/cmr/m/n on input line 148.
LaTeX Font Info:    ... okay on input line 148.
LaTeX Font Info:    Checking defaults for OMS/cmsy/m/n on input line 148.
LaTeX Font Info:    ... okay on input line 148.
LaTeX Font Info:    Checking defaults for OMX/cmex/m/n on input line 148.
LaTeX Font Info:    ... okay on input line 148.
LaTeX Font Info:    Checking defaults for U/cmr/m/n on input line 148.
LaTeX Font Info:    ... okay on input line 148.
LaTeX Font Info:    Checking defaults for T2A/cmr/m/n on input line 148.
LaTeX Font Info:    Trying to load font information for T2A+cmr on input line 1
48.
 (/home/ishu/.miktex/texmfs/install/tex/latex/cyrillic/t2acmr.fd
File: t2acmr.fd 2001/08/11 v1.0a Computer Modern Cyrillic font definitions
)
LaTeX Font Info:    ... okay on input line 148.
LaTeX Font Info:    Checking defaults for LY1/ptm/m/n on input line 148.
LaTeX Font Info:    Trying to load font information for LY1+ptm on input line 1
48.

(/home/ishu/.miktex/texmfs/install/tex/latex/ly1/ly1ptm.fd
File: ly1ptm.fd 2001/02/01 font definitions for LY1/ptm using Berry names.
)
LaTeX Font Info:    ... okay on input line 148.
LaTeX Font Info:    Checking defaults for TS1/cmr/m/n on input line 148.
LaTeX Font Info:    Trying to load font information for TS1+cmr on input line 1
48.

(/home/ishu/.miktex/texmfs/install/tex/latex/base/ts1cmr.fd
File: ts1cmr.fd 2014/09/29 v2.5h Standard LaTeX font definitions
)
LaTeX Font Info:    ... okay on input line 148.
\c@lstlisting=\count318

ABD: EveryShipout initializing macros
(/home/ishu/.miktex/texmfs/install/tex/context/base/mkii/supp-pdf.mkii
[Loading MPS to PDF converter (version 2006.09.02).]
\scratchcounter=\count319
\scratchdimen=\dimen291
\scratchbox=\box62
\nofMPsegments=\count320
\nofMParguments=\count321
\everyMPshowfont=\toks44
\MPscratchCnt=\count322
\MPscratchDim=\dimen292
\MPnumerator=\count323
\makeMPintoPDFobject=\count324
\everyMPtoPDFconversion=\toks45
) (/home/ishu/.miktex/texmfs/install/tex/latex/oberdiek/epstopdf-base.sty
Package: epstopdf-base 2016/05/15 v2.6 Base part for package epstopdf

(/home/ishu/.miktex/texmfs/install/tex/generic/oberdiek/infwarerr.sty
Package: infwarerr 2016/05/16 v1.4 Providing info/warning/error messages (HO)
)
(/home/ishu/.miktex/texmfs/install/tex/latex/oberdiek/grfext.sty
Package: grfext 2016/05/16 v1.2 Manage graphics extensions (HO)

(/home/ishu/.miktex/texmfs/install/tex/generic/oberdiek/kvdefinekeys.sty
Package: kvdefinekeys 2016/05/16 v1.4 Define keys (HO)

(/home/ishu/.miktex/texmfs/install/tex/generic/oberdiek/ltxcmds.sty
Package: ltxcmds 2016/05/16 v1.23 LaTeX kernel commands for general use (HO)
)))
(/home/ishu/.miktex/texmfs/install/tex/latex/oberdiek/kvoptions.sty
Package: kvoptions 2016/05/16 v3.12 Key value format for package options (HO)

(/home/ishu/.miktex/texmfs/install/tex/generic/oberdiek/kvsetkeys.sty
Package: kvsetkeys 2016/05/16 v1.17 Key value parser (HO)

(/home/ishu/.miktex/texmfs/install/tex/generic/oberdiek/etexcmds.sty
Package: etexcmds 2016/05/16 v1.6 Avoid name clashes with e-TeX commands (HO)

(/home/ishu/.miktex/texmfs/install/tex/generic/oberdiek/ifluatex.sty
Package: ifluatex 2016/05/16 v1.4 Provides the ifluatex switch (HO)
Package ifluatex Info: LuaTeX not detected.
))))
(/home/ishu/.miktex/texmfs/install/tex/generic/oberdiek/pdftexcmds.sty
Package: pdftexcmds 2019/07/25 v0.30 Utility functions of pdfTeX for LuaTeX (HO
)
Package pdftexcmds Info: LuaTeX not detected.
Package pdftexcmds Info: \pdf@primitive is available.
Package pdftexcmds Info: \pdf@ifprimitive is available.
Package pdftexcmds Info: \pdfdraftmode found.
)
Package epstopdf-base Info: Redefining graphics rule for `.eps' on input line 4
38.
Package grfext Info: Graphics extension search list:
(grfext)             [.pdf,.png,.jpg,.mps,.jpeg,.jbig2,.jb2,.PDF,.PNG,.JPG,.JPE
G,.JBIG2,.JB2,.eps]
(grfext)             \AppendGraphicsExtensions on input line 456.
)
*geometry* driver: auto-detecting
*geometry* detected driver: pdftex
*geometry* verbose mode - [ preamble ] result:
* driver: pdftex
* paper: a4paper
* layout: <same size as paper>
* layoutoffset:(h,v)=(0.0pt,0.0pt)
* modes: includehead 
* h-part:(L,W,R)=(62.59596pt, 472.31595pt, 62.59596pt)
* v-part:(T,H,B)=(56.9055pt, 731.23584pt, 56.9055pt)
* \paperwidth=597.50787pt
* \paperheight=845.04684pt
* \textwidth=472.31595pt
* \textheight=694.23584pt
* \oddsidemargin=-9.67403pt
* \evensidemargin=-9.67403pt
* \topmargin=-15.36449pt
* \headheight=12.0pt
* \headsep=25.0pt
* \topskip=11.0pt
* \footskip=30.0pt
* \marginparwidth=50.0pt
* \marginparsep=10.0pt
* \columnsep=10.0pt
* \skip\footins=10.0pt plus 4.0pt minus 2.0pt
* \hoffset=0.0pt
* \voffset=0.0pt
* \mag=1000
* \@twocolumnfalse
* \@twosidefalse
* \@mparswitchfalse
* \@reversemarginfalse
* (1in=72.27pt=25.4mm, 1cm=28.453pt)

\c@mv@tabular=\count325
\c@mv@boldtabular=\count326
LaTeX Font Info:    Font shape `T1/XCharter-TLF/m/n' will be
(Font)              scaled to size 17.28pt on input line 155.
LaTeX Font Info:    Font shape `T1/XCharter-TLF/m/n' will be
(Font)              scaled to size 12.0pt on input line 155.
LaTeX Font Info:    Trying to load font information for U+msa on input line 155
.
(/home/ishu/.miktex/texmfs/install/tex/latex/amsfonts/umsa.fd
File: umsa.fd 2013/01/14 v3.01 AMS symbols A
)
LaTeX Font Info:    Trying to load font information for U+msb on input line 155
.

(/home/ishu/.miktex/texmfs/install/tex/latex/amsfonts/umsb.fd
File: umsb.fd 2013/01/14 v3.01 AMS symbols B
)
LaTeX Font Info:    Font shape `T1/XCharter-TLF/m/n' will be
(Font)              scaled to size 14.4pt on input line 164.
LaTeX Font Info:    Font shape `T1/XCharter-TLF/b/n' will be
(Font)              scaled to size 14.4pt on input line 164.
LaTeX Font Info:    Font shape `T1/XCharter-TLF/b/n' will be
(Font)              scaled to size 10.95pt on input line 166.
LaTeX Font Info:    Font shape `T1/XCharter-TLF/m/it' will be
(Font)              scaled to size 10.95pt on input line 252.
 [1

{/home/ishu/.miktex/texmfs/data/pdftex/config/pdftex.map}]
LaTeX Font Info:    Font shape `T1/XCharter-TLF/b/n' will be
(Font)              scaled to size 12.0pt on input line 256.

(/home/ishu/.miktex/texmfs/install/tex/latex/listings/lstlang1.sty
File: lstlang1.sty 2019/09/10 1.8c listings language file
)
LaTeX Font Info:    Trying to load font information for T1+cmtt on input line 2
75.

(/home/ishu/.miktex/texmfs/install/tex/latex/base/t1cmtt.fd
File: t1cmtt.fd 2014/09/29 v2.5h Standard LaTeX font definitions
)

LaTeX Warning: `!h' float specifier changed to `!ht'.


Package Fancyhdr Warning: \headheight is too small (12.0pt): 
Make it at least 13.59999pt.
We now make it that large for the rest of the document.
This may cause the page layout to be inconsistent, however.

LaTeX Font Info:    Font shape `T1/XCharter-TLF/m/n' will be
(Font)              scaled to size 9.0pt on input line 341.
[2]
<modelparams.png, id=15, 455.45157pt x 255.95625pt>
File: modelparams.png Graphic file (type png)
<use modelparams.png>
Package pdftex.def Info: modelparams.png  used on input line 344.
(pdftex.def)             Requested size: 455.45045pt x 255.95561pt.
 [3 <./modelparams.png (PNG copy)>]
LaTeX Font Info:    Font shape `T1/XCharter-TLF/m/n' will be
(Font)              scaled to size 8.0pt on input line 371.
LaTeX Font Info:    Font shape `T1/XCharter-TLF/m/n' will be
(Font)              scaled to size 6.0pt on input line 371.
<proportionCompare.png, id=20, 454.69875pt x 255.95625pt>
File: proportionCompare.png Graphic file (type png)
<use proportionCompare.png>
Package pdftex.def Info: proportionCompare.png  used on input line 380.
(pdftex.def)             Requested size: 454.69763pt x 255.95561pt.


LaTeX Warning: `!h' float specifier changed to `!ht'.

[4]
LaTeX Font Info:    Trying to load font information for TS1+XCharter-TLF on inp
ut line 399.
 (/home/ishu/.miktex/texmfs/install/tex/latex/xcharter/TS1XCharter-TLF.fd
File: TS1XCharter-TLF.fd 2017/06/25 (autoinst) Font definitions for TS1/XCharte
r-TLF.
)
LaTeX Font Info:    Font shape `TS1/XCharter-TLF/m/n' will be
(Font)              scaled to size 10.95pt on input line 399.

[5 <./proportionCompare.png (PNG copy)>] [6] (RuleGen.bbl) [1] (RuleGen.aux) ) 
Here is how much of TeX's memory you used:
 31201 strings out of 494415
 609882 string characters out of 3174632
 1012923 words of memory out of 3000000
 34787 multiletter control sequences out of 15000+200000
 611339 words of font info for 72 fonts, out of 3000000 for 9000
 0 hyphenation exceptions out of 8191
 60i,13n,84p,1343b,1554s stack positions out of 5000i,500n,10000p,200000b,50000s
{
/home/ishu/.miktex/texmfs/install/fonts/enc/dvips/xcharter/xch_q7u3cc.enc} </ho
me/ishu/.miktex/texmfs/data/fonts/pk/ljfour/jknappen/ec/dpi600/ectt0800.pk>{/ho
me/ishu/.miktex/texmfs/install/fonts/enc/dvips/xcharter/xch_uy5hgr.enc}</home/i
shu/.miktex/texmfs/install/fonts/type1/public/xcharter/XCharter-Bold.pfb></home
/ishu/.miktex/texmfs/install/fonts/type1/public/xcharter/XCharter-Italic.pfb></
home/ishu/.miktex/texmfs/install/fonts/type1/public/xcharter/XCharter-Roman.pfb
></home/ishu/.miktex/texmfs/install/fonts/type1/public/amsfonts/cm/cmex10.pfb><
/home/ishu/.miktex/texmfs/install/fonts/type1/public/amsfonts/cm/cmmi10.pfb></h
ome/ishu/.miktex/texmfs/install/fonts/type1/public/amsfonts/cm/cmmi8.pfb></home
/ishu/.miktex/texmfs/install/fonts/type1/public/amsfonts/cm/cmr10.pfb></home/is
hu/.miktex/texmfs/install/fonts/type1/public/amsfonts/cm/cmr8.pfb></home/ishu/.
miktex/texmfs/install/fonts/type1/public/amsfonts/cm/cmsy10.pfb>
Output written on RuleGen.pdf (7 pages, 279020 bytes).
PDF statistics:
 119 PDF objects out of 1000 (max. 8388607)
 0 named destinations out of 1000 (max. 500000)
 23 words of extra memory for PDF output out of 10000 (max. 10000000)

